{"/Users/mihaibaiasu/Developer/webDev/Projects/blog-api/back-end/controllers/commentsController.js": {"path":"/Users/mihaibaiasu/Developer/webDev/Projects/blog-api/back-end/controllers/commentsController.js","statementMap":{"0":{"start":{"line":2,"column":24},"end":{"line":2,"column":45}},"1":{"start":{"line":7,"column":27},"end":{"line":7,"column":71}},"2":{"start":{"line":8,"column":8},"end":{"line":8,"column":26}}},"fnMap":{"0":{"name":"(anonymous_0)","decl":{"start":{"line":6,"column":4},"end":{"line":6,"column":5}},"loc":{"start":{"line":6,"column":32},"end":{"line":9,"column":5}},"line":6}},"branchMap":{},"s":{"0":0,"1":0,"2":0},"f":{"0":0},"b":{}}
,"/Users/mihaibaiasu/Developer/webDev/Projects/blog-api/back-end/controllers/postsController.js": {"path":"/Users/mihaibaiasu/Developer/webDev/Projects/blog-api/back-end/controllers/postsController.js","statementMap":{"0":{"start":{"line":2,"column":21},"end":{"line":2,"column":39}},"1":{"start":{"line":6,"column":21},"end":{"line":6,"column":59}},"2":{"start":{"line":7,"column":8},"end":{"line":7,"column":20}},"3":{"start":{"line":11,"column":28},"end":{"line":11,"column":77}},"4":{"start":{"line":12,"column":8},"end":{"line":12,"column":27}},"5":{"start":{"line":16,"column":28},"end":{"line":16,"column":69}},"6":{"start":{"line":17,"column":8},"end":{"line":24,"column":9}},"7":{"start":{"line":18,"column":12},"end":{"line":21,"column":13}},"8":{"start":{"line":23,"column":12},"end":{"line":23,"column":37}},"9":{"start":{"line":28,"column":24},"end":{"line":28,"column":62}},"10":{"start":{"line":29,"column":8},"end":{"line":38,"column":9}},"11":{"start":{"line":30,"column":12},"end":{"line":33,"column":13}},"12":{"start":{"line":35,"column":12},"end":{"line":37,"column":13}},"13":{"start":{"line":42,"column":22},"end":{"line":42,"column":54}},"14":{"start":{"line":43,"column":8},"end":{"line":43,"column":21}}},"fnMap":{"0":{"name":"(anonymous_0)","decl":{"start":{"line":5,"column":4},"end":{"line":5,"column":5}},"loc":{"start":{"line":5,"column":29},"end":{"line":8,"column":5}},"line":5},"1":{"name":"(anonymous_1)","decl":{"start":{"line":10,"column":4},"end":{"line":10,"column":5}},"loc":{"start":{"line":10,"column":40},"end":{"line":13,"column":5}},"line":10},"2":{"name":"(anonymous_2)","decl":{"start":{"line":15,"column":4},"end":{"line":15,"column":5}},"loc":{"start":{"line":15,"column":32},"end":{"line":25,"column":5}},"line":15},"3":{"name":"(anonymous_3)","decl":{"start":{"line":27,"column":4},"end":{"line":27,"column":5}},"loc":{"start":{"line":27,"column":29},"end":{"line":39,"column":5}},"line":27},"4":{"name":"(anonymous_4)","decl":{"start":{"line":41,"column":4},"end":{"line":41,"column":5}},"loc":{"start":{"line":41,"column":23},"end":{"line":44,"column":5}},"line":41}},"branchMap":{"0":{"loc":{"start":{"line":17,"column":8},"end":{"line":24,"column":9}},"type":"if","locations":[{"start":{"line":17,"column":8},"end":{"line":24,"column":9}},{"start":{"line":22,"column":15},"end":{"line":24,"column":9}}],"line":17},"1":{"loc":{"start":{"line":29,"column":8},"end":{"line":38,"column":9}},"type":"if","locations":[{"start":{"line":29,"column":8},"end":{"line":38,"column":9}},{"start":{"line":34,"column":15},"end":{"line":38,"column":9}}],"line":29}},"s":{"0":0,"1":0,"2":0,"3":0,"4":0,"5":0,"6":0,"7":0,"8":0,"9":0,"10":0,"11":0,"12":0,"13":0,"14":0},"f":{"0":0,"1":0,"2":0,"3":0,"4":0},"b":{"0":[0,0],"1":[0,0]}}
,"/Users/mihaibaiasu/Developer/webDev/Projects/blog-api/back-end/controllers/usersController.js": {"path":"/Users/mihaibaiasu/Developer/webDev/Projects/blog-api/back-end/controllers/usersController.js","statementMap":{"0":{"start":{"line":4,"column":20},"end":{"line":4,"column":37}},"1":{"start":{"line":8,"column":8},"end":{"line":30,"column":9}},"2":{"start":{"line":9,"column":25},"end":{"line":9,"column":27}},"3":{"start":{"line":10,"column":38},"end":{"line":10,"column":68}},"4":{"start":{"line":11,"column":12},"end":{"line":11,"column":67}},"5":{"start":{"line":12,"column":12},"end":{"line":26,"column":13}},"6":{"start":{"line":13,"column":38},"end":{"line":13,"column":90}},"7":{"start":{"line":14,"column":41},"end":{"line":14,"column":99}},"8":{"start":{"line":15,"column":16},"end":{"line":25,"column":17}},"9":{"start":{"line":16,"column":20},"end":{"line":16,"column":45}},"10":{"start":{"line":17,"column":20},"end":{"line":17,"column":117}},"11":{"start":{"line":18,"column":23},"end":{"line":25,"column":17}},"12":{"start":{"line":19,"column":20},"end":{"line":19,"column":45}},"13":{"start":{"line":20,"column":20},"end":{"line":20,"column":98}},"14":{"start":{"line":22,"column":36},"end":{"line":22,"column":83}},"15":{"start":{"line":23,"column":20},"end":{"line":23,"column":44}},"16":{"start":{"line":24,"column":20},"end":{"line":24,"column":45}},"17":{"start":{"line":27,"column":12},"end":{"line":27,"column":26}},"18":{"start":{"line":29,"column":12},"end":{"line":29,"column":72}},"19":{"start":{"line":34,"column":26},"end":{"line":34,"column":28}},"20":{"start":{"line":35,"column":8},"end":{"line":35,"column":83}},"21":{"start":{"line":35,"column":36},"end":{"line":35,"column":83}},"22":{"start":{"line":36,"column":8},"end":{"line":36,"column":65}},"23":{"start":{"line":36,"column":30},"end":{"line":36,"column":65}},"24":{"start":{"line":37,"column":28},"end":{"line":37,"column":76}},"25":{"start":{"line":38,"column":8},"end":{"line":38,"column":27}},"26":{"start":{"line":42,"column":29},"end":{"line":42,"column":66}},"27":{"start":{"line":43,"column":8},"end":{"line":54,"column":9}},"28":{"start":{"line":44,"column":32},"end":{"line":44,"column":68}},"29":{"start":{"line":45,"column":12},"end":{"line":48,"column":13}},"30":{"start":{"line":50,"column":12},"end":{"line":53,"column":14}},"31":{"start":{"line":58,"column":26},"end":{"line":58,"column":30}},"32":{"start":{"line":59,"column":23},"end":{"line":62,"column":9}},"33":{"start":{"line":63,"column":8},"end":{"line":69,"column":9}},"34":{"start":{"line":64,"column":12},"end":{"line":64,"column":72}},"35":{"start":{"line":65,"column":15},"end":{"line":69,"column":9}},"36":{"start":{"line":66,"column":12},"end":{"line":66,"column":79}},"37":{"start":{"line":67,"column":15},"end":{"line":69,"column":9}},"38":{"start":{"line":68,"column":12},"end":{"line":68,"column":73}},"39":{"start":{"line":70,"column":8},"end":{"line":72,"column":9}},"40":{"start":{"line":71,"column":12},"end":{"line":71,"column":30}},"41":{"start":{"line":73,"column":8},"end":{"line":73,"column":24}},"42":{"start":{"line":77,"column":21},"end":{"line":77,"column":64}},"43":{"start":{"line":78,"column":8},"end":{"line":78,"column":22}},"44":{"start":{"line":82,"column":21},"end":{"line":82,"column":25}},"45":{"start":{"line":83,"column":8},"end":{"line":83,"column":51}},"46":{"start":{"line":84,"column":8},"end":{"line":99,"column":9}},"47":{"start":{"line":85,"column":30},"end":{"line":85,"column":98}},"48":{"start":{"line":86,"column":12},"end":{"line":95,"column":13}},"49":{"start":{"line":87,"column":40},"end":{"line":87,"column":101}},"50":{"start":{"line":88,"column":16},"end":{"line":88,"column":47}},"51":{"start":{"line":89,"column":16},"end":{"line":91,"column":17}},"52":{"start":{"line":90,"column":20},"end":{"line":90,"column":53}},"53":{"start":{"line":94,"column":16},"end":{"line":94,"column":72}},"54":{"start":{"line":98,"column":12},"end":{"line":98,"column":81}},"55":{"start":{"line":100,"column":8},"end":{"line":100,"column":21}},"56":{"start":{"line":105,"column":4},"end":{"line":105,"column":48}},"57":{"start":{"line":106,"column":4},"end":{"line":106,"column":41}},"58":{"start":{"line":107,"column":27},"end":{"line":107,"column":29}},"59":{"start":{"line":108,"column":25},"end":{"line":108,"column":61}},"60":{"start":{"line":109,"column":25},"end":{"line":109,"column":57}},"61":{"start":{"line":110,"column":26},"end":{"line":110,"column":42}},"62":{"start":{"line":111,"column":22},"end":{"line":111,"column":35}},"63":{"start":{"line":113,"column":4},"end":{"line":117,"column":5}},"64":{"start":{"line":114,"column":8},"end":{"line":116,"column":9}},"65":{"start":{"line":115,"column":12},"end":{"line":115,"column":55}},"66":{"start":{"line":119,"column":4},"end":{"line":123,"column":5}},"67":{"start":{"line":120,"column":8},"end":{"line":122,"column":40}},"68":{"start":{"line":121,"column":12},"end":{"line":121,"column":35}},"69":{"start":{"line":122,"column":15},"end":{"line":122,"column":40}},"70":{"start":{"line":125,"column":4},"end":{"line":133,"column":5}},"71":{"start":{"line":126,"column":31},"end":{"line":126,"column":69}},"72":{"start":{"line":127,"column":8},"end":{"line":127,"column":44}},"73":{"start":{"line":128,"column":8},"end":{"line":128,"column":51}},"74":{"start":{"line":130,"column":8},"end":{"line":130,"column":43}},"75":{"start":{"line":131,"column":8},"end":{"line":131,"column":103}},"76":{"start":{"line":132,"column":8},"end":{"line":132,"column":32}},"77":{"start":{"line":135,"column":4},"end":{"line":135,"column":57}},"78":{"start":{"line":136,"column":4},"end":{"line":136,"column":33}},"79":{"start":{"line":137,"column":4},"end":{"line":137,"column":38}},"80":{"start":{"line":138,"column":4},"end":{"line":138,"column":28}},"81":{"start":{"line":142,"column":25},"end":{"line":142,"column":56}},"82":{"start":{"line":143,"column":4},"end":{"line":143,"column":26}},"83":{"start":{"line":147,"column":19},"end":{"line":147,"column":23}},"84":{"start":{"line":148,"column":29},"end":{"line":148,"column":74}},"85":{"start":{"line":149,"column":4},"end":{"line":151,"column":5}},"86":{"start":{"line":150,"column":8},"end":{"line":150,"column":25}},"87":{"start":{"line":152,"column":4},"end":{"line":152,"column":20}},"88":{"start":{"line":156,"column":19},"end":{"line":156,"column":23}},"89":{"start":{"line":157,"column":26},"end":{"line":157,"column":65}},"90":{"start":{"line":158,"column":4},"end":{"line":160,"column":5}},"91":{"start":{"line":159,"column":8},"end":{"line":159,"column":25}},"92":{"start":{"line":161,"column":4},"end":{"line":161,"column":20}}},"fnMap":{"0":{"name":"(anonymous_0)","decl":{"start":{"line":7,"column":4},"end":{"line":7,"column":5}},"loc":{"start":{"line":7,"column":30},"end":{"line":31,"column":5}},"line":7},"1":{"name":"(anonymous_1)","decl":{"start":{"line":33,"column":4},"end":{"line":33,"column":5}},"loc":{"start":{"line":33,"column":41},"end":{"line":39,"column":5}},"line":33},"2":{"name":"(anonymous_2)","decl":{"start":{"line":41,"column":4},"end":{"line":41,"column":5}},"loc":{"start":{"line":41,"column":28},"end":{"line":55,"column":5}},"line":41},"3":{"name":"(anonymous_3)","decl":{"start":{"line":57,"column":4},"end":{"line":57,"column":5}},"loc":{"start":{"line":57,"column":33},"end":{"line":74,"column":5}},"line":57},"4":{"name":"(anonymous_4)","decl":{"start":{"line":76,"column":4},"end":{"line":76,"column":5}},"loc":{"start":{"line":76,"column":39},"end":{"line":79,"column":5}},"line":76},"5":{"name":"(anonymous_5)","decl":{"start":{"line":81,"column":4},"end":{"line":81,"column":5}},"loc":{"start":{"line":81,"column":29},"end":{"line":101,"column":5}},"line":81},"6":{"name":"processUserData","decl":{"start":{"line":104,"column":15},"end":{"line":104,"column":30}},"loc":{"start":{"line":104,"column":40},"end":{"line":139,"column":1}},"line":104},"7":{"name":"hashPassword","decl":{"start":{"line":141,"column":15},"end":{"line":141,"column":27}},"loc":{"start":{"line":141,"column":37},"end":{"line":144,"column":1}},"line":141},"8":{"name":"checkForExistingUsername","decl":{"start":{"line":146,"column":15},"end":{"line":146,"column":39}},"loc":{"start":{"line":146,"column":49},"end":{"line":153,"column":1}},"line":146},"9":{"name":"checkForExistingEmail","decl":{"start":{"line":155,"column":19},"end":{"line":155,"column":40}},"loc":{"start":{"line":155,"column":47},"end":{"line":162,"column":1}},"line":155}},"branchMap":{"0":{"loc":{"start":{"line":12,"column":12},"end":{"line":26,"column":13}},"type":"if","locations":[{"start":{"line":12,"column":12},"end":{"line":26,"column":13}},{"start":{},"end":{}}],"line":12},"1":{"loc":{"start":{"line":15,"column":16},"end":{"line":25,"column":17}},"type":"if","locations":[{"start":{"line":15,"column":16},"end":{"line":25,"column":17}},{"start":{"line":18,"column":23},"end":{"line":25,"column":17}}],"line":15},"2":{"loc":{"start":{"line":18,"column":23},"end":{"line":25,"column":17}},"type":"if","locations":[{"start":{"line":18,"column":23},"end":{"line":25,"column":17}},{"start":{"line":21,"column":23},"end":{"line":25,"column":17}}],"line":18},"3":{"loc":{"start":{"line":35,"column":8},"end":{"line":35,"column":83}},"type":"if","locations":[{"start":{"line":35,"column":8},"end":{"line":35,"column":83}},{"start":{},"end":{}}],"line":35},"4":{"loc":{"start":{"line":36,"column":8},"end":{"line":36,"column":65}},"type":"if","locations":[{"start":{"line":36,"column":8},"end":{"line":36,"column":65}},{"start":{},"end":{}}],"line":36},"5":{"loc":{"start":{"line":43,"column":8},"end":{"line":54,"column":9}},"type":"if","locations":[{"start":{"line":43,"column":8},"end":{"line":54,"column":9}},{"start":{"line":49,"column":15},"end":{"line":54,"column":9}}],"line":43},"6":{"loc":{"start":{"line":63,"column":8},"end":{"line":69,"column":9}},"type":"if","locations":[{"start":{"line":63,"column":8},"end":{"line":69,"column":9}},{"start":{"line":65,"column":15},"end":{"line":69,"column":9}}],"line":63},"7":{"loc":{"start":{"line":65,"column":15},"end":{"line":69,"column":9}},"type":"if","locations":[{"start":{"line":65,"column":15},"end":{"line":69,"column":9}},{"start":{"line":67,"column":15},"end":{"line":69,"column":9}}],"line":65},"8":{"loc":{"start":{"line":67,"column":15},"end":{"line":69,"column":9}},"type":"if","locations":[{"start":{"line":67,"column":15},"end":{"line":69,"column":9}},{"start":{},"end":{}}],"line":67},"9":{"loc":{"start":{"line":70,"column":8},"end":{"line":72,"column":9}},"type":"if","locations":[{"start":{"line":70,"column":8},"end":{"line":72,"column":9}},{"start":{},"end":{}}],"line":70},"10":{"loc":{"start":{"line":84,"column":8},"end":{"line":99,"column":9}},"type":"if","locations":[{"start":{"line":84,"column":8},"end":{"line":99,"column":9}},{"start":{"line":96,"column":15},"end":{"line":99,"column":9}}],"line":84},"11":{"loc":{"start":{"line":84,"column":11},"end":{"line":84,"column":49}},"type":"binary-expr","locations":[{"start":{"line":84,"column":11},"end":{"line":84,"column":28}},{"start":{"line":84,"column":32},"end":{"line":84,"column":49}}],"line":84},"12":{"loc":{"start":{"line":86,"column":12},"end":{"line":95,"column":13}},"type":"if","locations":[{"start":{"line":86,"column":12},"end":{"line":95,"column":13}},{"start":{"line":92,"column":19},"end":{"line":95,"column":13}}],"line":86},"13":{"loc":{"start":{"line":89,"column":16},"end":{"line":91,"column":17}},"type":"if","locations":[{"start":{"line":89,"column":16},"end":{"line":91,"column":17}},{"start":{},"end":{}}],"line":89},"14":{"loc":{"start":{"line":114,"column":8},"end":{"line":116,"column":9}},"type":"if","locations":[{"start":{"line":114,"column":8},"end":{"line":116,"column":9}},{"start":{},"end":{}}],"line":114},"15":{"loc":{"start":{"line":114,"column":11},"end":{"line":114,"column":75}},"type":"binary-expr","locations":[{"start":{"line":114,"column":11},"end":{"line":114,"column":36}},{"start":{"line":114,"column":40},"end":{"line":114,"column":75}}],"line":114},"16":{"loc":{"start":{"line":120,"column":8},"end":{"line":122,"column":40}},"type":"if","locations":[{"start":{"line":120,"column":8},"end":{"line":122,"column":40}},{"start":{"line":122,"column":15},"end":{"line":122,"column":40}}],"line":120},"17":{"loc":{"start":{"line":125,"column":4},"end":{"line":133,"column":5}},"type":"if","locations":[{"start":{"line":125,"column":4},"end":{"line":133,"column":5}},{"start":{"line":129,"column":11},"end":{"line":133,"column":5}}],"line":125},"18":{"loc":{"start":{"line":149,"column":4},"end":{"line":151,"column":5}},"type":"if","locations":[{"start":{"line":149,"column":4},"end":{"line":151,"column":5}},{"start":{},"end":{}}],"line":149},"19":{"loc":{"start":{"line":158,"column":4},"end":{"line":160,"column":5}},"type":"if","locations":[{"start":{"line":158,"column":4},"end":{"line":160,"column":5}},{"start":{},"end":{}}],"line":158}},"s":{"0":0,"1":0,"2":0,"3":0,"4":0,"5":0,"6":0,"7":0,"8":0,"9":0,"10":0,"11":0,"12":0,"13":0,"14":0,"15":0,"16":0,"17":0,"18":0,"19":0,"20":0,"21":0,"22":0,"23":0,"24":0,"25":0,"26":0,"27":0,"28":0,"29":0,"30":0,"31":0,"32":0,"33":0,"34":0,"35":0,"36":0,"37":0,"38":0,"39":0,"40":0,"41":0,"42":0,"43":0,"44":0,"45":0,"46":0,"47":0,"48":0,"49":0,"50":0,"51":0,"52":0,"53":0,"54":0,"55":0,"56":0,"57":0,"58":0,"59":0,"60":0,"61":0,"62":0,"63":0,"64":0,"65":0,"66":0,"67":0,"68":0,"69":0,"70":0,"71":0,"72":0,"73":0,"74":0,"75":0,"76":0,"77":0,"78":0,"79":0,"80":0,"81":0,"82":0,"83":0,"84":0,"85":0,"86":0,"87":0,"88":0,"89":0,"90":0,"91":0,"92":0},"f":{"0":0,"1":0,"2":0,"3":0,"4":0,"5":0,"6":0,"7":0,"8":0,"9":0},"b":{"0":[0,0],"1":[0,0],"2":[0,0],"3":[0,0],"4":[0,0],"5":[0,0],"6":[0,0],"7":[0,0],"8":[0,0],"9":[0,0],"10":[0,0],"11":[0,0],"12":[0,0],"13":[0,0],"14":[0,0],"15":[0,0],"16":[0,0],"17":[0,0],"18":[0,0],"19":[0,0]}}
,"/Users/mihaibaiasu/Developer/webDev/Projects/blog-api/back-end/db/queries.js": {"path":"/Users/mihaibaiasu/Developer/webDev/Projects/blog-api/back-end/db/queries.js","statementMap":{"0":{"start":{"line":5,"column":21},"end":{"line":9,"column":10}},"1":{"start":{"line":10,"column":8},"end":{"line":10,"column":20}},"2":{"start":{"line":14,"column":32},"end":{"line":14,"column":34}},"3":{"start":{"line":15,"column":26},"end":{"line":20,"column":9}},"4":{"start":{"line":21,"column":8},"end":{"line":24,"column":9}},"5":{"start":{"line":22,"column":12},"end":{"line":22,"column":33}},"6":{"start":{"line":23,"column":12},"end":{"line":23,"column":39}},"7":{"start":{"line":26,"column":20},"end":{"line":26,"column":59}},"8":{"start":{"line":27,"column":8},"end":{"line":27,"column":27}},"9":{"start":{"line":28,"column":25},"end":{"line":28,"column":48}},"10":{"start":{"line":29,"column":8},"end":{"line":33,"column":9}},"11":{"start":{"line":37,"column":21},"end":{"line":41,"column":10}},"12":{"start":{"line":42,"column":8},"end":{"line":42,"column":20}},"13":{"start":{"line":46,"column":21},"end":{"line":50,"column":10}},"14":{"start":{"line":51,"column":8},"end":{"line":51,"column":20}},"15":{"start":{"line":55,"column":21},"end":{"line":62,"column":10}},"16":{"start":{"line":63,"column":8},"end":{"line":63,"column":20}},"17":{"start":{"line":67,"column":24},"end":{"line":76,"column":10}},"18":{"start":{"line":77,"column":8},"end":{"line":77,"column":23}},"19":{"start":{"line":81,"column":28},"end":{"line":85,"column":10}},"20":{"start":{"line":86,"column":8},"end":{"line":86,"column":27}},"21":{"start":{"line":90,"column":28},"end":{"line":97,"column":10}},"22":{"start":{"line":98,"column":8},"end":{"line":98,"column":27}},"23":{"start":{"line":102,"column":28},"end":{"line":107,"column":10}},"24":{"start":{"line":108,"column":8},"end":{"line":108,"column":27}},"25":{"start":{"line":114,"column":21},"end":{"line":152,"column":10}},"26":{"start":{"line":153,"column":8},"end":{"line":153,"column":20}},"27":{"start":{"line":157,"column":22},"end":{"line":161,"column":10}},"28":{"start":{"line":162,"column":8},"end":{"line":162,"column":21}},"29":{"start":{"line":166,"column":30},"end":{"line":166,"column":32}},"30":{"start":{"line":167,"column":23},"end":{"line":172,"column":9}},"31":{"start":{"line":173,"column":8},"end":{"line":175,"column":9}},"32":{"start":{"line":174,"column":12},"end":{"line":174,"column":42}},"33":{"start":{"line":177,"column":28},"end":{"line":177,"column":64}},"34":{"start":{"line":178,"column":8},"end":{"line":181,"column":9}},"35":{"start":{"line":185,"column":8},"end":{"line":187,"column":9}},"36":{"start":{"line":188,"column":8},"end":{"line":190,"column":9}},"37":{"start":{"line":189,"column":12},"end":{"line":189,"column":44}},"38":{"start":{"line":192,"column":8},"end":{"line":194,"column":9}},"39":{"start":{"line":193,"column":12},"end":{"line":193,"column":43}},"40":{"start":{"line":196,"column":8},"end":{"line":198,"column":9}},"41":{"start":{"line":197,"column":12},"end":{"line":197,"column":52}},"42":{"start":{"line":200,"column":28},"end":{"line":205,"column":10}},"43":{"start":{"line":207,"column":8},"end":{"line":207,"column":27}},"44":{"start":{"line":211,"column":8},"end":{"line":213,"column":11}},"45":{"start":{"line":217,"column":24},"end":{"line":224,"column":10}},"46":{"start":{"line":225,"column":8},"end":{"line":225,"column":23}},"47":{"start":{"line":231,"column":8},"end":{"line":243,"column":9}},"48":{"start":{"line":232,"column":31},"end":{"line":239,"column":14}},"49":{"start":{"line":240,"column":12},"end":{"line":240,"column":30}},"50":{"start":{"line":242,"column":12},"end":{"line":242,"column":72}}},"fnMap":{"0":{"name":"(anonymous_0)","decl":{"start":{"line":4,"column":4},"end":{"line":4,"column":5}},"loc":{"start":{"line":4,"column":29},"end":{"line":11,"column":5}},"line":4},"1":{"name":"(anonymous_1)","decl":{"start":{"line":13,"column":4},"end":{"line":13,"column":5}},"loc":{"start":{"line":13,"column":43},"end":{"line":34,"column":5}},"line":13},"2":{"name":"(anonymous_2)","decl":{"start":{"line":36,"column":4},"end":{"line":36,"column":5}},"loc":{"start":{"line":36,"column":37},"end":{"line":43,"column":5}},"line":36},"3":{"name":"(anonymous_3)","decl":{"start":{"line":45,"column":4},"end":{"line":45,"column":5}},"loc":{"start":{"line":45,"column":31},"end":{"line":52,"column":5}},"line":45},"4":{"name":"(anonymous_4)","decl":{"start":{"line":54,"column":4},"end":{"line":54,"column":5}},"loc":{"start":{"line":54,"column":40},"end":{"line":64,"column":5}},"line":54},"5":{"name":"(anonymous_5)","decl":{"start":{"line":66,"column":4},"end":{"line":66,"column":5}},"loc":{"start":{"line":66,"column":29},"end":{"line":78,"column":5}},"line":66},"6":{"name":"(anonymous_6)","decl":{"start":{"line":80,"column":4},"end":{"line":80,"column":5}},"loc":{"start":{"line":80,"column":28},"end":{"line":87,"column":5}},"line":80},"7":{"name":"(anonymous_7)","decl":{"start":{"line":89,"column":4},"end":{"line":89,"column":5}},"loc":{"start":{"line":89,"column":60},"end":{"line":99,"column":5}},"line":89},"8":{"name":"(anonymous_8)","decl":{"start":{"line":101,"column":4},"end":{"line":101,"column":5}},"loc":{"start":{"line":101,"column":38},"end":{"line":109,"column":5}},"line":101},"9":{"name":"(anonymous_9)","decl":{"start":{"line":113,"column":4},"end":{"line":113,"column":5}},"loc":{"start":{"line":113,"column":30},"end":{"line":154,"column":5}},"line":113},"10":{"name":"(anonymous_10)","decl":{"start":{"line":156,"column":4},"end":{"line":156,"column":5}},"loc":{"start":{"line":156,"column":24},"end":{"line":163,"column":5}},"line":156},"11":{"name":"(anonymous_11)","decl":{"start":{"line":165,"column":4},"end":{"line":165,"column":5}},"loc":{"start":{"line":165,"column":36},"end":{"line":182,"column":5}},"line":165},"12":{"name":"(anonymous_12)","decl":{"start":{"line":184,"column":4},"end":{"line":184,"column":5}},"loc":{"start":{"line":184,"column":39},"end":{"line":208,"column":5}},"line":184},"13":{"name":"(anonymous_13)","decl":{"start":{"line":210,"column":4},"end":{"line":210,"column":5}},"loc":{"start":{"line":210,"column":32},"end":{"line":214,"column":5}},"line":210},"14":{"name":"(anonymous_14)","decl":{"start":{"line":216,"column":4},"end":{"line":216,"column":5}},"loc":{"start":{"line":216,"column":29},"end":{"line":226,"column":5}},"line":216},"15":{"name":"(anonymous_15)","decl":{"start":{"line":230,"column":4},"end":{"line":230,"column":5}},"loc":{"start":{"line":230,"column":32},"end":{"line":244,"column":5}},"line":230}},"branchMap":{"0":{"loc":{"start":{"line":21,"column":8},"end":{"line":24,"column":9}},"type":"if","locations":[{"start":{"line":21,"column":8},"end":{"line":24,"column":9}},{"start":{},"end":{}}],"line":21},"1":{"loc":{"start":{"line":31,"column":23},"end":{"line":31,"column":60}},"type":"cond-expr","locations":[{"start":{"line":31,"column":34},"end":{"line":31,"column":53}},{"start":{"line":31,"column":56},"end":{"line":31,"column":60}}],"line":31},"2":{"loc":{"start":{"line":72,"column":22},"end":{"line":72,"column":58}},"type":"cond-expr","locations":[{"start":{"line":72,"column":37},"end":{"line":72,"column":49}},{"start":{"line":72,"column":52},"end":{"line":72,"column":58}}],"line":72},"3":{"loc":{"start":{"line":173,"column":8},"end":{"line":175,"column":9}},"type":"if","locations":[{"start":{"line":173,"column":8},"end":{"line":175,"column":9}},{"start":{},"end":{}}],"line":173},"4":{"loc":{"start":{"line":188,"column":8},"end":{"line":190,"column":9}},"type":"if","locations":[{"start":{"line":188,"column":8},"end":{"line":190,"column":9}},{"start":{},"end":{}}],"line":188},"5":{"loc":{"start":{"line":192,"column":8},"end":{"line":194,"column":9}},"type":"if","locations":[{"start":{"line":192,"column":8},"end":{"line":194,"column":9}},{"start":{},"end":{}}],"line":192},"6":{"loc":{"start":{"line":196,"column":8},"end":{"line":198,"column":9}},"type":"if","locations":[{"start":{"line":196,"column":8},"end":{"line":198,"column":9}},{"start":{},"end":{}}],"line":196},"7":{"loc":{"start":{"line":222,"column":27},"end":{"line":222,"column":71}},"type":"cond-expr","locations":[{"start":{"line":222,"column":47},"end":{"line":222,"column":64}},{"start":{"line":222,"column":67},"end":{"line":222,"column":71}}],"line":222},"8":{"loc":{"start":{"line":231,"column":8},"end":{"line":243,"column":9}},"type":"if","locations":[{"start":{"line":231,"column":8},"end":{"line":243,"column":9}},{"start":{"line":241,"column":15},"end":{"line":243,"column":9}}],"line":231},"9":{"loc":{"start":{"line":231,"column":11},"end":{"line":231,"column":62}},"type":"binary-expr","locations":[{"start":{"line":231,"column":11},"end":{"line":231,"column":25}},{"start":{"line":231,"column":29},"end":{"line":231,"column":43}},{"start":{"line":231,"column":47},"end":{"line":231,"column":62}}],"line":231}},"s":{"0":0,"1":0,"2":0,"3":0,"4":0,"5":0,"6":0,"7":0,"8":0,"9":0,"10":0,"11":0,"12":0,"13":0,"14":0,"15":0,"16":0,"17":0,"18":0,"19":0,"20":0,"21":0,"22":0,"23":0,"24":0,"25":0,"26":0,"27":0,"28":0,"29":0,"30":0,"31":0,"32":0,"33":0,"34":0,"35":0,"36":0,"37":0,"38":0,"39":0,"40":0,"41":0,"42":0,"43":0,"44":0,"45":0,"46":0,"47":0,"48":0,"49":0,"50":0},"f":{"0":0,"1":0,"2":0,"3":0,"4":0,"5":0,"6":0,"7":0,"8":0,"9":0,"10":0,"11":0,"12":0,"13":0,"14":0,"15":0},"b":{"0":[0,0],"1":[0,0],"2":[0,0],"3":[0,0],"4":[0,0],"5":[0,0],"6":[0,0],"7":[0,0],"8":[0,0],"9":[0,0,0]}}
,"/Users/mihaibaiasu/Developer/webDev/Projects/blog-api/back-end/middleware/errorHandler.js": {"path":"/Users/mihaibaiasu/Developer/webDev/Projects/blog-api/back-end/middleware/errorHandler.js","statementMap":{"0":{"start":{"line":1,"column":28},"end":{"line":3,"column":1}},"1":{"start":{"line":1,"column":36},"end":{"line":3,"column":1}},"2":{"start":{"line":2,"column":4},"end":{"line":2,"column":52}},"3":{"start":{"line":5,"column":34},"end":{"line":17,"column":1}},"4":{"start":{"line":6,"column":17},"end":{"line":6,"column":34}},"5":{"start":{"line":7,"column":18},"end":{"line":7,"column":56}},"6":{"start":{"line":9,"column":2},"end":{"line":16,"column":5}}},"fnMap":{"0":{"name":"(anonymous_0)","decl":{"start":{"line":1,"column":28},"end":{"line":1,"column":29}},"loc":{"start":{"line":1,"column":36},"end":{"line":3,"column":1}},"line":1},"1":{"name":"(anonymous_1)","decl":{"start":{"line":1,"column":36},"end":{"line":1,"column":37}},"loc":{"start":{"line":1,"column":56},"end":{"line":3,"column":1}},"line":1},"2":{"name":"(anonymous_2)","decl":{"start":{"line":5,"column":34},"end":{"line":5,"column":35}},"loc":{"start":{"line":5,"column":59},"end":{"line":17,"column":1}},"line":5}},"branchMap":{"0":{"loc":{"start":{"line":6,"column":17},"end":{"line":6,"column":34}},"type":"binary-expr","locations":[{"start":{"line":6,"column":17},"end":{"line":6,"column":27}},{"start":{"line":6,"column":31},"end":{"line":6,"column":34}}],"line":6},"1":{"loc":{"start":{"line":7,"column":18},"end":{"line":7,"column":56}},"type":"binary-expr","locations":[{"start":{"line":7,"column":18},"end":{"line":7,"column":29}},{"start":{"line":7,"column":33},"end":{"line":7,"column":56}}],"line":7},"2":{"loc":{"start":{"line":14,"column":10},"end":{"line":14,"column":72}},"type":"binary-expr","locations":[{"start":{"line":14,"column":10},"end":{"line":14,"column":48}},{"start":{"line":14,"column":52},"end":{"line":14,"column":72}}],"line":14}},"s":{"0":0,"1":0,"2":0,"3":0,"4":0,"5":0,"6":0},"f":{"0":0,"1":0,"2":0},"b":{"0":[0,0],"1":[0,0],"2":[0,0]}}
,"/Users/mihaibaiasu/Developer/webDev/Projects/blog-api/back-end/middleware/validation.js": {"path":"/Users/mihaibaiasu/Developer/webDev/Projects/blog-api/back-end/middleware/validation.js","statementMap":{"0":{"start":{"line":3,"column":36},"end":{"line":37,"column":1}},"1":{"start":{"line":21,"column":32},"end":{"line":21,"column":59}},"2":{"start":{"line":31,"column":19},"end":{"line":31,"column":40}},"3":{"start":{"line":32,"column":4},"end":{"line":34,"column":5}},"4":{"start":{"line":33,"column":6},"end":{"line":33,"column":78}},"5":{"start":{"line":35,"column":4},"end":{"line":35,"column":11}},"6":{"start":{"line":39,"column":36},"end":{"line":62,"column":1}},"7":{"start":{"line":56,"column":19},"end":{"line":56,"column":40}},"8":{"start":{"line":57,"column":4},"end":{"line":59,"column":5}},"9":{"start":{"line":58,"column":6},"end":{"line":58,"column":78}},"10":{"start":{"line":60,"column":4},"end":{"line":60,"column":11}},"11":{"start":{"line":64,"column":39},"end":{"line":81,"column":1}},"12":{"start":{"line":75,"column":19},"end":{"line":75,"column":40}},"13":{"start":{"line":76,"column":4},"end":{"line":78,"column":5}},"14":{"start":{"line":77,"column":6},"end":{"line":77,"column":78}},"15":{"start":{"line":79,"column":4},"end":{"line":79,"column":11}}},"fnMap":{"0":{"name":"(anonymous_0)","decl":{"start":{"line":21,"column":12},"end":{"line":21,"column":13}},"loc":{"start":{"line":21,"column":32},"end":{"line":21,"column":59}},"line":21},"1":{"name":"(anonymous_1)","decl":{"start":{"line":30,"column":2},"end":{"line":30,"column":3}},"loc":{"start":{"line":30,"column":22},"end":{"line":36,"column":3}},"line":30},"2":{"name":"(anonymous_2)","decl":{"start":{"line":55,"column":2},"end":{"line":55,"column":3}},"loc":{"start":{"line":55,"column":22},"end":{"line":61,"column":3}},"line":55},"3":{"name":"(anonymous_3)","decl":{"start":{"line":74,"column":2},"end":{"line":74,"column":3}},"loc":{"start":{"line":74,"column":22},"end":{"line":80,"column":3}},"line":74}},"branchMap":{"0":{"loc":{"start":{"line":32,"column":4},"end":{"line":34,"column":5}},"type":"if","locations":[{"start":{"line":32,"column":4},"end":{"line":34,"column":5}},{"start":{},"end":{}}],"line":32},"1":{"loc":{"start":{"line":57,"column":4},"end":{"line":59,"column":5}},"type":"if","locations":[{"start":{"line":57,"column":4},"end":{"line":59,"column":5}},{"start":{},"end":{}}],"line":57},"2":{"loc":{"start":{"line":76,"column":4},"end":{"line":78,"column":5}},"type":"if","locations":[{"start":{"line":76,"column":4},"end":{"line":78,"column":5}},{"start":{},"end":{}}],"line":76}},"s":{"0":0,"1":0,"2":0,"3":0,"4":0,"5":0,"6":0,"7":0,"8":0,"9":0,"10":0,"11":0,"12":0,"13":0,"14":0,"15":0},"f":{"0":0,"1":0,"2":0,"3":0},"b":{"0":[0,0],"1":[0,0],"2":[0,0]}}
,"/Users/mihaibaiasu/Developer/webDev/Projects/blog-api/back-end/routes/commentsRouter.js": {"path":"/Users/mihaibaiasu/Developer/webDev/Projects/blog-api/back-end/routes/commentsRouter.js","statementMap":{"0":{"start":{"line":7,"column":28},"end":{"line":7,"column":53}},"1":{"start":{"line":10,"column":23},"end":{"line":10,"column":46}},"2":{"start":{"line":12,"column":21},"end":{"line":12,"column":29}},"3":{"start":{"line":14,"column":0},"end":{"line":22,"column":3}},"4":{"start":{"line":15,"column":20},"end":{"line":19,"column":5}},"5":{"start":{"line":20,"column":23},"end":{"line":20,"column":66}},"6":{"start":{"line":21,"column":4},"end":{"line":21,"column":52}}},"fnMap":{"0":{"name":"(anonymous_0)","decl":{"start":{"line":14,"column":102},"end":{"line":14,"column":103}},"loc":{"start":{"line":14,"column":122},"end":{"line":22,"column":1}},"line":14}},"branchMap":{},"s":{"0":0,"1":0,"2":0,"3":0,"4":0,"5":0,"6":0},"f":{"0":0},"b":{}}
,"/Users/mihaibaiasu/Developer/webDev/Projects/blog-api/back-end/routes/indexRouter.js": {"path":"/Users/mihaibaiasu/Developer/webDev/Projects/blog-api/back-end/routes/indexRouter.js","statementMap":{"0":{"start":{"line":9,"column":28},"end":{"line":9,"column":53}},"1":{"start":{"line":11,"column":18},"end":{"line":11,"column":26}},"2":{"start":{"line":13,"column":0},"end":{"line":15,"column":2}},"3":{"start":{"line":14,"column":4},"end":{"line":14,"column":99}},"4":{"start":{"line":17,"column":0},"end":{"line":21,"column":3}},"5":{"start":{"line":18,"column":4},"end":{"line":20,"column":6}},"6":{"start":{"line":23,"column":0},"end":{"line":42,"column":1}},"7":{"start":{"line":28,"column":21},"end":{"line":28,"column":29}},"8":{"start":{"line":29,"column":22},"end":{"line":39,"column":9}},"9":{"start":{"line":40,"column":8},"end":{"line":40,"column":73}},"10":{"start":{"line":44,"column":0},"end":{"line":46,"column":3}},"11":{"start":{"line":45,"column":4},"end":{"line":45,"column":65}}},"fnMap":{"0":{"name":"(anonymous_0)","decl":{"start":{"line":13,"column":60},"end":{"line":13,"column":61}},"loc":{"start":{"line":13,"column":74},"end":{"line":15,"column":1}},"line":13},"1":{"name":"(anonymous_1)","decl":{"start":{"line":17,"column":69},"end":{"line":17,"column":70}},"loc":{"start":{"line":17,"column":83},"end":{"line":21,"column":1}},"line":17},"2":{"name":"(anonymous_2)","decl":{"start":{"line":26,"column":17},"end":{"line":26,"column":18}},"loc":{"start":{"line":26,"column":37},"end":{"line":41,"column":5}},"line":26},"3":{"name":"(anonymous_3)","decl":{"start":{"line":44,"column":72},"end":{"line":44,"column":73}},"loc":{"start":{"line":44,"column":86},"end":{"line":46,"column":1}},"line":44}},"branchMap":{},"s":{"0":0,"1":0,"2":0,"3":0,"4":0,"5":0,"6":0,"7":0,"8":0,"9":0,"10":0,"11":0},"f":{"0":0,"1":0,"2":0,"3":0},"b":{}}
,"/Users/mihaibaiasu/Developer/webDev/Projects/blog-api/back-end/routes/postsRouter.js": {"path":"/Users/mihaibaiasu/Developer/webDev/Projects/blog-api/back-end/routes/postsRouter.js","statementMap":{"0":{"start":{"line":2,"column":28},"end":{"line":2,"column":53}},"1":{"start":{"line":8,"column":18},"end":{"line":8,"column":26}},"2":{"start":{"line":12,"column":23},"end":{"line":12,"column":44}},"3":{"start":{"line":14,"column":0},"end":{"line":21,"column":4}},"4":{"start":{"line":15,"column":18},"end":{"line":15,"column":52}},"5":{"start":{"line":16,"column":4},"end":{"line":20,"column":5}},"6":{"start":{"line":17,"column":8},"end":{"line":17,"column":56}},"7":{"start":{"line":19,"column":8},"end":{"line":19,"column":67}},"8":{"start":{"line":23,"column":0},"end":{"line":36,"column":4}},"9":{"start":{"line":24,"column":19},"end":{"line":24,"column":46}},"10":{"start":{"line":25,"column":17},"end":{"line":25,"column":57}},"11":{"start":{"line":27,"column":4},"end":{"line":29,"column":5}},"12":{"start":{"line":28,"column":8},"end":{"line":28,"column":63}},"13":{"start":{"line":31,"column":4},"end":{"line":35,"column":5}},"14":{"start":{"line":32,"column":8},"end":{"line":32,"column":66}},"15":{"start":{"line":34,"column":8},"end":{"line":34,"column":70}},"16":{"start":{"line":38,"column":0},"end":{"line":50,"column":3}},"17":{"start":{"line":39,"column":21},"end":{"line":39,"column":42}},"18":{"start":{"line":40,"column":20},"end":{"line":40,"column":43}},"19":{"start":{"line":41,"column":4},"end":{"line":43,"column":6}},"20":{"start":{"line":42,"column":8},"end":{"line":42,"column":37}},"21":{"start":{"line":44,"column":20},"end":{"line":44,"column":60}},"22":{"start":{"line":45,"column":4},"end":{"line":49,"column":5}},"23":{"start":{"line":46,"column":8},"end":{"line":46,"column":84}},"24":{"start":{"line":48,"column":8},"end":{"line":48,"column":90}},"25":{"start":{"line":52,"column":0},"end":{"line":62,"column":2}},"26":{"start":{"line":58,"column":19},"end":{"line":58,"column":46}},"27":{"start":{"line":59,"column":24},"end":{"line":59,"column":73}},"28":{"start":{"line":60,"column":4},"end":{"line":60,"column":77}},"29":{"start":{"line":64,"column":0},"end":{"line":72,"column":4}},"30":{"start":{"line":65,"column":19},"end":{"line":65,"column":46}},"31":{"start":{"line":66,"column":24},"end":{"line":66,"column":67}},"32":{"start":{"line":67,"column":4},"end":{"line":71,"column":5}},"33":{"start":{"line":68,"column":8},"end":{"line":68,"column":78}},"34":{"start":{"line":70,"column":8},"end":{"line":70,"column":61}},"35":{"start":{"line":75,"column":4},"end":{"line":102,"column":5}},"36":{"start":{"line":76,"column":23},"end":{"line":76,"column":50}},"37":{"start":{"line":77,"column":28},"end":{"line":77,"column":68}},"38":{"start":{"line":79,"column":8},"end":{"line":84,"column":9}},"39":{"start":{"line":80,"column":12},"end":{"line":83,"column":15}},"40":{"start":{"line":86,"column":38},"end":{"line":86,"column":57}},"41":{"start":{"line":87,"column":40},"end":{"line":87,"column":89}},"42":{"start":{"line":89,"column":8},"end":{"line":96,"column":9}},"43":{"start":{"line":90,"column":12},"end":{"line":90,"column":19}},"44":{"start":{"line":92,"column":12},"end":{"line":95,"column":15}},"45":{"start":{"line":98,"column":8},"end":{"line":101,"column":11}}},"fnMap":{"0":{"name":"(anonymous_0)","decl":{"start":{"line":14,"column":34},"end":{"line":14,"column":35}},"loc":{"start":{"line":14,"column":54},"end":{"line":21,"column":1}},"line":14},"1":{"name":"(anonymous_1)","decl":{"start":{"line":23,"column":41},"end":{"line":23,"column":42}},"loc":{"start":{"line":23,"column":61},"end":{"line":36,"column":1}},"line":23},"2":{"name":"(anonymous_2)","decl":{"start":{"line":38,"column":96},"end":{"line":38,"column":97}},"loc":{"start":{"line":38,"column":116},"end":{"line":50,"column":1}},"line":38},"3":{"name":"(anonymous_3)","decl":{"start":{"line":41,"column":21},"end":{"line":41,"column":22}},"loc":{"start":{"line":41,"column":30},"end":{"line":43,"column":5}},"line":41},"4":{"name":"(anonymous_4)","decl":{"start":{"line":57,"column":15},"end":{"line":57,"column":16}},"loc":{"start":{"line":57,"column":35},"end":{"line":61,"column":3}},"line":57},"5":{"name":"(anonymous_5)","decl":{"start":{"line":64,"column":100},"end":{"line":64,"column":101}},"loc":{"start":{"line":64,"column":120},"end":{"line":72,"column":1}},"line":64},"6":{"name":"checkUserRights","decl":{"start":{"line":74,"column":15},"end":{"line":74,"column":30}},"loc":{"start":{"line":74,"column":46},"end":{"line":103,"column":1}},"line":74}},"branchMap":{"0":{"loc":{"start":{"line":16,"column":4},"end":{"line":20,"column":5}},"type":"if","locations":[{"start":{"line":16,"column":4},"end":{"line":20,"column":5}},{"start":{"line":18,"column":11},"end":{"line":20,"column":5}}],"line":16},"1":{"loc":{"start":{"line":16,"column":7},"end":{"line":16,"column":32}},"type":"binary-expr","locations":[{"start":{"line":16,"column":7},"end":{"line":16,"column":12}},{"start":{"line":16,"column":16},"end":{"line":16,"column":32}}],"line":16},"2":{"loc":{"start":{"line":27,"column":4},"end":{"line":29,"column":5}},"type":"if","locations":[{"start":{"line":27,"column":4},"end":{"line":29,"column":5}},{"start":{},"end":{}}],"line":27},"3":{"loc":{"start":{"line":31,"column":4},"end":{"line":35,"column":5}},"type":"if","locations":[{"start":{"line":31,"column":4},"end":{"line":35,"column":5}},{"start":{"line":33,"column":11},"end":{"line":35,"column":5}}],"line":31},"4":{"loc":{"start":{"line":45,"column":4},"end":{"line":49,"column":5}},"type":"if","locations":[{"start":{"line":45,"column":4},"end":{"line":49,"column":5}},{"start":{"line":47,"column":11},"end":{"line":49,"column":5}}],"line":45},"5":{"loc":{"start":{"line":67,"column":4},"end":{"line":71,"column":5}},"type":"if","locations":[{"start":{"line":67,"column":4},"end":{"line":71,"column":5}},{"start":{"line":69,"column":11},"end":{"line":71,"column":5}}],"line":67},"6":{"loc":{"start":{"line":79,"column":8},"end":{"line":84,"column":9}},"type":"if","locations":[{"start":{"line":79,"column":8},"end":{"line":84,"column":9}},{"start":{},"end":{}}],"line":79},"7":{"loc":{"start":{"line":89,"column":8},"end":{"line":96,"column":9}},"type":"if","locations":[{"start":{"line":89,"column":8},"end":{"line":96,"column":9}},{"start":{"line":91,"column":15},"end":{"line":96,"column":9}}],"line":89},"8":{"loc":{"start":{"line":89,"column":11},"end":{"line":89,"column":81}},"type":"binary-expr","locations":[{"start":{"line":89,"column":11},"end":{"line":89,"column":54}},{"start":{"line":89,"column":58},"end":{"line":89,"column":81}}],"line":89}},"s":{"0":0,"1":0,"2":0,"3":0,"4":0,"5":0,"6":0,"7":0,"8":0,"9":0,"10":0,"11":0,"12":0,"13":0,"14":0,"15":0,"16":0,"17":0,"18":0,"19":0,"20":0,"21":0,"22":0,"23":0,"24":0,"25":0,"26":0,"27":0,"28":0,"29":0,"30":0,"31":0,"32":0,"33":0,"34":0,"35":0,"36":0,"37":0,"38":0,"39":0,"40":0,"41":0,"42":0,"43":0,"44":0,"45":0},"f":{"0":0,"1":0,"2":0,"3":0,"4":0,"5":0,"6":0},"b":{"0":[0,0],"1":[0,0],"2":[0,0],"3":[0,0],"4":[0,0],"5":[0,0],"6":[0,0],"7":[0,0],"8":[0,0]}}
,"/Users/mihaibaiasu/Developer/webDev/Projects/blog-api/back-end/routes/usersRouter.js": {"path":"/Users/mihaibaiasu/Developer/webDev/Projects/blog-api/back-end/routes/usersRouter.js","statementMap":{"0":{"start":{"line":5,"column":18},"end":{"line":5,"column":26}},"1":{"start":{"line":8,"column":23},"end":{"line":8,"column":43}},"2":{"start":{"line":11,"column":28},"end":{"line":11,"column":53}},"3":{"start":{"line":13,"column":0},"end":{"line":26,"column":4}},"4":{"start":{"line":15,"column":4},"end":{"line":21,"column":5}},"5":{"start":{"line":16,"column":25},"end":{"line":16,"column":51}},"6":{"start":{"line":17,"column":8},"end":{"line":19,"column":9}},"7":{"start":{"line":18,"column":12},"end":{"line":18,"column":67}},"8":{"start":{"line":20,"column":8},"end":{"line":20,"column":34}},"9":{"start":{"line":23,"column":17},"end":{"line":23,"column":67}},"10":{"start":{"line":24,"column":4},"end":{"line":24,"column":24}},"11":{"start":{"line":25,"column":4},"end":{"line":25,"column":89}},"12":{"start":{"line":28,"column":0},"end":{"line":32,"column":4}},"13":{"start":{"line":29,"column":20},"end":{"line":29,"column":57}},"14":{"start":{"line":30,"column":24},"end":{"line":30,"column":68}},"15":{"start":{"line":31,"column":4},"end":{"line":31,"column":51}},"16":{"start":{"line":34,"column":0},"end":{"line":43,"column":2}},"17":{"start":{"line":39,"column":19},"end":{"line":39,"column":46}},"18":{"start":{"line":40,"column":19},"end":{"line":40,"column":68}},"19":{"start":{"line":41,"column":4},"end":{"line":41,"column":62}},"20":{"start":{"line":45,"column":0},"end":{"line":51,"column":4}},"21":{"start":{"line":46,"column":19},"end":{"line":46,"column":46}},"22":{"start":{"line":47,"column":24},"end":{"line":47,"column":63}},"23":{"start":{"line":48,"column":4},"end":{"line":50,"column":5}},"24":{"start":{"line":49,"column":8},"end":{"line":49,"column":108}},"25":{"start":{"line":53,"column":0},"end":{"line":57,"column":4}},"26":{"start":{"line":54,"column":4},"end":{"line":56,"column":6}},"27":{"start":{"line":59,"column":0},"end":{"line":79,"column":3}},"28":{"start":{"line":60,"column":27},"end":{"line":60,"column":68}},"29":{"start":{"line":61,"column":4},"end":{"line":65,"column":5}},"30":{"start":{"line":62,"column":8},"end":{"line":62,"column":60}},"31":{"start":{"line":64,"column":8},"end":{"line":64,"column":78}}},"fnMap":{"0":{"name":"(anonymous_0)","decl":{"start":{"line":13,"column":34},"end":{"line":13,"column":35}},"loc":{"start":{"line":13,"column":54},"end":{"line":26,"column":1}},"line":13},"1":{"name":"(anonymous_1)","decl":{"start":{"line":28,"column":80},"end":{"line":28,"column":81}},"loc":{"start":{"line":28,"column":100},"end":{"line":32,"column":1}},"line":28},"2":{"name":"(anonymous_2)","decl":{"start":{"line":38,"column":15},"end":{"line":38,"column":16}},"loc":{"start":{"line":38,"column":35},"end":{"line":42,"column":3}},"line":38},"3":{"name":"(anonymous_3)","decl":{"start":{"line":45,"column":44},"end":{"line":45,"column":45}},"loc":{"start":{"line":45,"column":64},"end":{"line":51,"column":1}},"line":45},"4":{"name":"(anonymous_4)","decl":{"start":{"line":53,"column":83},"end":{"line":53,"column":84}},"loc":{"start":{"line":53,"column":103},"end":{"line":57,"column":1}},"line":53},"5":{"name":"(anonymous_5)","decl":{"start":{"line":59,"column":106},"end":{"line":59,"column":107}},"loc":{"start":{"line":59,"column":125},"end":{"line":79,"column":1}},"line":59}},"branchMap":{"0":{"loc":{"start":{"line":15,"column":4},"end":{"line":21,"column":5}},"type":"if","locations":[{"start":{"line":15,"column":4},"end":{"line":21,"column":5}},{"start":{},"end":{}}],"line":15},"1":{"loc":{"start":{"line":17,"column":8},"end":{"line":19,"column":9}},"type":"if","locations":[{"start":{"line":17,"column":8},"end":{"line":19,"column":9}},{"start":{},"end":{}}],"line":17},"2":{"loc":{"start":{"line":48,"column":4},"end":{"line":50,"column":5}},"type":"if","locations":[{"start":{"line":48,"column":4},"end":{"line":50,"column":5}},{"start":{},"end":{}}],"line":48},"3":{"loc":{"start":{"line":61,"column":4},"end":{"line":65,"column":5}},"type":"if","locations":[{"start":{"line":61,"column":4},"end":{"line":65,"column":5}},{"start":{"line":63,"column":11},"end":{"line":65,"column":5}}],"line":61}},"s":{"0":0,"1":0,"2":0,"3":0,"4":0,"5":0,"6":0,"7":0,"8":0,"9":0,"10":0,"11":0,"12":0,"13":0,"14":0,"15":0,"16":0,"17":0,"18":0,"19":0,"20":0,"21":0,"22":0,"23":0,"24":0,"25":0,"26":0,"27":0,"28":0,"29":0,"30":0,"31":0},"f":{"0":0,"1":0,"2":0,"3":0,"4":0,"5":0},"b":{"0":[0,0],"1":[0,0],"2":[0,0],"3":[0,0]}}
}
